<?xml version="1.0" encoding="UTF-8"?>
<!-- Generated by org.testng.reporters.JUnitXMLReporter -->
<testsuite ignored="0" hostname="LAPTOP-OE8ODG3C" failures="0" tests="4" name="Test" time="0.217" errors="0" timestamp="2024-01-07T17:52:38 IST">
  <testcase classname="Second_Script.LoginPage" name="Password" time="0.065"/>
  <testcase classname="Second_Script.LoginPage" name="ResetPassword" time="0.004"/>
  <testcase classname="Second_Script.LoginPage" name="Username" time="0.003"/>
  <testcase classname="Second_Script.LoginPage" name="wrongAttempts" time="0.004"/>
</testsuite> <!-- Test -->
